#! /usr/bin/vvp
:ivl_version "11.0 (stable)";
:ivl_delay_selection "TYPICAL";
:vpi_time_precision + 0;
:vpi_module "/usr/lib/x86_64-linux-gnu/ivl/system.vpi";
:vpi_module "/usr/lib/x86_64-linux-gnu/ivl/vhdl_sys.vpi";
:vpi_module "/usr/lib/x86_64-linux-gnu/ivl/vhdl_textio.vpi";
:vpi_module "/usr/lib/x86_64-linux-gnu/ivl/v2005_math.vpi";
:vpi_module "/usr/lib/x86_64-linux-gnu/ivl/va_math.vpi";
S_0x55edd8388ab0 .scope module, "padder" "padder" 2 2;
 .timescale 0 0;
    .port_info 0 /INPUT 1 "clk";
    .port_info 1 /INPUT 1 "rst";
    .port_info 2 /INPUT 64 "in";
    .port_info 3 /INPUT 1 "in_valid";
    .port_info 4 /INPUT 1 "start_calc";
    .port_info 5 /INPUT 1 "takein";
    .port_info 6 /OUTPUT 64 "out";
    .port_info 7 /OUTPUT 1 "out_ready";
    .port_info 8 /INPUT 1 "is_last";
    .port_info 9 /INPUT 1 "mode";
    .port_info 10 /OUTPUT 1 "ack";
    .port_info 11 /OUTPUT 1 "cntr_zero";
v0x55edd8386840_0 .net *"_ivl_0", 31 0, L_0x55edd83b2980;  1 drivers
L_0x7f50f24f7018 .functor BUFT 1, C4<000000000000000000000000000>, C4<0>, C4<0>, C4<0>;
v0x55edd83b1a50_0 .net *"_ivl_3", 26 0, L_0x7f50f24f7018;  1 drivers
L_0x7f50f24f7060 .functor BUFT 1, C4<00000000000000000000000000000000>, C4<0>, C4<0>, C4<0>;
v0x55edd83b1b30_0 .net/2u *"_ivl_4", 31 0, L_0x7f50f24f7060;  1 drivers
v0x55edd83b1bf0_0 .var "ack", 0 0;
o0x7f50f2a5c0d8 .functor BUFZ 1, C4<z>; HiZ drive
v0x55edd83b1cb0_0 .net "clk", 0 0, o0x7f50f2a5c0d8;  0 drivers
v0x55edd83b1dc0_0 .var "cntr", 4 0;
v0x55edd83b1ea0_0 .net "cntr_zero", 0 0, L_0x55edd83c2ae0;  1 drivers
o0x7f50f2a5c168 .functor BUFZ 64, C4<zzzzzzzzzzzzzzzzzzzzzzzzzzzzzzzzzzzzzzzzzzzzzzzzzzzzzzzzzzzzzzzz>; HiZ drive
v0x55edd83b1f60_0 .net "in", 63 0, o0x7f50f2a5c168;  0 drivers
o0x7f50f2a5c198 .functor BUFZ 1, C4<z>; HiZ drive
v0x55edd83b2040_0 .net "in_valid", 0 0, o0x7f50f2a5c198;  0 drivers
o0x7f50f2a5c1c8 .functor BUFZ 1, C4<z>; HiZ drive
v0x55edd83b2100_0 .net "is_last", 0 0, o0x7f50f2a5c1c8;  0 drivers
v0x55edd83b21c0_0 .var "latch_last", 0 0;
o0x7f50f2a5c228 .functor BUFZ 1, C4<z>; HiZ drive
v0x55edd83b2280_0 .net "mode", 0 0, o0x7f50f2a5c228;  0 drivers
o0x7f50f2a5c258 .functor BUFZ 64, C4<zzzzzzzzzzzzzzzzzzzzzzzzzzzzzzzzzzzzzzzzzzzzzzzzzzzzzzzzzzzzzzzz>; HiZ drive
v0x55edd83b2340_0 .net "out", 63 0, o0x7f50f2a5c258;  0 drivers
v0x55edd83b2420_0 .var "out_ready", 0 0;
v0x55edd83b24e0_0 .var "pad_out", 63 0;
o0x7f50f2a5c2e8 .functor BUFZ 1, C4<z>; HiZ drive
v0x55edd83b25c0_0 .net "rst", 0 0, o0x7f50f2a5c2e8;  0 drivers
o0x7f50f2a5c318 .functor BUFZ 1, C4<z>; HiZ drive
v0x55edd83b2680_0 .net "start_calc", 0 0, o0x7f50f2a5c318;  0 drivers
o0x7f50f2a5c348 .functor BUFZ 1, C4<z>; HiZ drive
v0x55edd83b2740_0 .net "takein", 0 0, o0x7f50f2a5c348;  0 drivers
E_0x55edd8396eb0 .event posedge, v0x55edd83b1cb0_0;
E_0x55edd8397120 .event posedge, v0x55edd83b25c0_0, v0x55edd83b1cb0_0;
L_0x55edd83b2980 .concat [ 5 27 0 0], v0x55edd83b1dc0_0, L_0x7f50f24f7018;
L_0x55edd83c2ae0 .cmp/eq 32, L_0x55edd83b2980, L_0x7f50f24f7060;
    .scope S_0x55edd8388ab0;
T_0 ;
    %wait E_0x55edd8397120;
    %load/vec4 v0x55edd83b25c0_0;
    %flag_set/vec4 8;
    %jmp/0xz  T_0.0, 8;
    %pushi/vec4 0, 0, 5;
    %assign/vec4 v0x55edd83b1dc0_0, 0;
    %pushi/vec4 0, 0, 64;
    %assign/vec4 v0x55edd83b24e0_0, 0;
    %jmp T_0.1;
T_0.0 ;
    %load/vec4 v0x55edd83b2040_0;
    %load/vec4 v0x55edd83b1dc0_0;
    %pad/u 32;
    %pushi/vec4 0, 0, 32;
    %cmp/ne;
    %flag_get/vec4 4;
    %and;
    %flag_set/vec4 8;
    %jmp/0xz  T_0.2, 8;
    %load/vec4 v0x55edd83b1dc0_0;
    %subi 1, 0, 5;
    %assign/vec4 v0x55edd83b1dc0_0, 0;
T_0.2 ;
T_0.1 ;
    %jmp T_0;
    .thread T_0;
    .scope S_0x55edd8388ab0;
T_1 ;
    %wait E_0x55edd8396eb0;
    %load/vec4 v0x55edd83b2680_0;
    %load/vec4 v0x55edd83b2740_0;
    %load/vec4 v0x55edd83b1dc0_0;
    %pad/u 32;
    %pushi/vec4 0, 0, 32;
    %cmp/e;
    %flag_get/vec4 4;
    %and;
    %or;
    %flag_set/vec4 8;
    %jmp/0xz  T_1.0, 8;
    %load/vec4 v0x55edd83b2280_0;
    %pad/u 2;
    %dup/vec4;
    %pushi/vec4 0, 0, 2;
    %cmp/u;
    %jmp/1 T_1.2, 6;
    %dup/vec4;
    %pushi/vec4 1, 0, 2;
    %cmp/u;
    %jmp/1 T_1.3, 6;
    %dup/vec4;
    %pushi/vec4 2, 0, 2;
    %cmp/u;
    %jmp/1 T_1.4, 6;
    %dup/vec4;
    %pushi/vec4 3, 0, 2;
    %cmp/u;
    %jmp/1 T_1.5, 6;
    %jmp T_1.6;
T_1.2 ;
    %pushi/vec4 8, 0, 5;
    %assign/vec4 v0x55edd83b1dc0_0, 0;
    %jmp T_1.6;
T_1.3 ;
    %pushi/vec4 16, 0, 5;
    %assign/vec4 v0x55edd83b1dc0_0, 0;
    %jmp T_1.6;
T_1.4 ;
    %pushi/vec4 20, 0, 5;
    %assign/vec4 v0x55edd83b1dc0_0, 0;
    %jmp T_1.6;
T_1.5 ;
    %pushi/vec4 16, 0, 5;
    %assign/vec4 v0x55edd83b1dc0_0, 0;
    %jmp T_1.6;
T_1.6 ;
    %pop/vec4 1;
T_1.0 ;
    %jmp T_1;
    .thread T_1;
    .scope S_0x55edd8388ab0;
T_2 ;
    %wait E_0x55edd8396eb0;
    %pushi/vec4 0, 0, 1;
    %assign/vec4 v0x55edd83b2420_0, 0;
    %pushi/vec4 0, 0, 1;
    %assign/vec4 v0x55edd83b1bf0_0, 0;
    %load/vec4 v0x55edd83b2040_0;
    %load/vec4 v0x55edd83b2100_0;
    %inv;
    %and;
    %load/vec4 v0x55edd83b1dc0_0;
    %pad/u 32;
    %pushi/vec4 0, 0, 32;
    %cmp/ne;
    %flag_get/vec4 4;
    %and;
    %flag_set/vec4 8;
    %jmp/0xz  T_2.0, 8;
    %load/vec4 v0x55edd83b1f60_0;
    %assign/vec4 v0x55edd83b24e0_0, 0;
    %pushi/vec4 1, 0, 1;
    %assign/vec4 v0x55edd83b2420_0, 0;
    %pushi/vec4 1, 0, 1;
    %assign/vec4 v0x55edd83b1bf0_0, 0;
    %jmp T_2.1;
T_2.0 ;
    %load/vec4 v0x55edd83b2100_0;
    %load/vec4 v0x55edd83b1dc0_0;
    %pad/u 32;
    %pushi/vec4 0, 0, 32;
    %cmp/ne;
    %flag_get/vec4 4;
    %and;
    %flag_set/vec4 8;
    %jmp/0xz  T_2.2, 8;
    %pushi/vec4 2147483648, 0, 32;
    %concati/vec4 0, 0, 32;
    %assign/vec4 v0x55edd83b24e0_0, 0;
    %pushi/vec4 1, 0, 1;
    %assign/vec4 v0x55edd83b21c0_0, 0;
    %pushi/vec4 1, 0, 1;
    %assign/vec4 v0x55edd83b2420_0, 0;
    %jmp T_2.3;
T_2.2 ;
    %load/vec4 v0x55edd83b21c0_0;
    %load/vec4 v0x55edd83b1dc0_0;
    %pad/u 32;
    %pushi/vec4 0, 0, 32;
    %cmp/ne;
    %flag_get/vec4 4;
    %and;
    %flag_set/vec4 8;
    %jmp/0xz  T_2.4, 8;
    %pushi/vec4 0, 0, 64;
    %assign/vec4 v0x55edd83b24e0_0, 0;
    %pushi/vec4 1, 0, 1;
    %assign/vec4 v0x55edd83b2420_0, 0;
    %jmp T_2.5;
T_2.4 ;
    %load/vec4 v0x55edd83b21c0_0;
    %load/vec4 v0x55edd83b1dc0_0;
    %pad/u 32;
    %pushi/vec4 0, 0, 32;
    %cmp/e;
    %flag_get/vec4 4;
    %and;
    %flag_set/vec4 8;
    %jmp/0xz  T_2.6, 8;
    %pushi/vec4 1, 0, 64;
    %assign/vec4 v0x55edd83b24e0_0, 0;
    %pushi/vec4 0, 0, 1;
    %assign/vec4 v0x55edd83b21c0_0, 0;
    %pushi/vec4 1, 0, 1;
    %assign/vec4 v0x55edd83b2420_0, 0;
T_2.6 ;
T_2.5 ;
T_2.3 ;
T_2.1 ;
    %jmp T_2;
    .thread T_2;
# The file index is used to find the file name in the following table.
:file_names 3;
    "N/A";
    "<interactive>";
    "./padder.v";
